<?xml version="1.0" encoding="UTF-8"?>
<bplog:Log xmi:version="2.0" xmlns:xmi="http://www.omg.org/XMI" xmlns:xsi="http://www.w3.org/2001/XMLSchema-instance" xmlns:bplog="http://simtech.de/bpel/logging" processModelName="TransportationMean" processModelPath="C:\Users\weissas\workspaces\deployment_evaluation\TripBooking\new_cgrounding\TransportationMean\TransportationMean.bpel">
  <modelChange xsi:type="bplog:ValueChange" changeReason="AttributeChanged" timestamp="2016-04-15T16:22:50.715+0200">
    <containingElement elementType="receive" elementName="receiveRouteInfoRequest" elementXPath="/process/sequence[1]/receive[1]"/>
    <attribute attributeName="createInstance" oldValue="" newValue="yes"/>
  </modelChange>
  <modelChange xsi:type="bplog:StructuralChange" changeReason="ElementRemoved" timestamp="2016-04-16T12:39:52.468+0200">
    <parentElement elementType="assign" elementName="assignEndpointReferenceAndPrepareReq" elementXPath="/process/sequence[1]/assign[2]"/>
    <oldElement elementType="copy" elementName="" elementXPath="/process/sequence[1]/assign[2]/copy[1]"/>
  </modelChange>
  <modelChange xsi:type="bplog:StructuralChange" changeReason="ElementRemoved" timestamp="2016-04-16T12:39:52.468+0200">
    <parentElement elementType="copy" elementName="" elementXPath="/process/sequence[1]/assign[2]/copy[1]"/>
    <oldElement elementType="to" elementName="" elementXPath="/process/sequence[1]/assign[2]/copy[1]/to[1]"/>
  </modelChange>
  <modelChange xsi:type="bplog:StructuralChange" changeReason="ElementRemoved" timestamp="2016-04-16T12:39:52.469+0200">
    <parentElement elementType="copy" elementName="" elementXPath="/process/sequence[1]/assign[2]/copy[1]"/>
    <oldElement elementType="from" elementName="" elementXPath="/process/sequence[1]/assign[2]/copy[1]/from[1]"/>
  </modelChange>
  <modelChange xsi:type="bplog:StructuralChange" changeReason="ElementRemoved" timestamp="2016-04-16T12:39:52.482+0200">
    <parentElement elementType="assign" elementName="assignEndpointReferenceAndPrepareReq" elementXPath="/process/sequence[1]/assign[2]"/>
    <oldElement elementType="copy" elementName="" elementXPath="/process/sequence[1]/assign[2]/copy[2]"/>
  </modelChange>
  <modelChange xsi:type="bplog:StructuralChange" changeReason="ElementRemoved" timestamp="2016-04-16T12:39:52.482+0200">
    <parentElement elementType="copy" elementName="" elementXPath="/process/sequence[1]/assign[2]/copy[2]"/>
    <oldElement elementType="to" elementName="" elementXPath="/process/sequence[1]/assign[2]/copy[2]/to[1]"/>
  </modelChange>
  <modelChange xsi:type="bplog:StructuralChange" changeReason="ElementRemoved" timestamp="2016-04-16T12:39:52.482+0200">
    <parentElement elementType="copy" elementName="" elementXPath="/process/sequence[1]/assign[2]/copy[2]"/>
    <oldElement elementType="from" elementName="" elementXPath="/process/sequence[1]/assign[2]/copy[2]/from[1]"/>
  </modelChange>
  <modelChange xsi:type="bplog:StructuralChange" changeReason="ElementRemoved" timestamp="2016-04-16T12:39:52.494+0200">
    <parentElement elementType="assign" elementName="assignEndpointReferenceAndPrepareReq" elementXPath="/process/sequence[1]/assign[2]"/>
    <oldElement elementType="copy" elementName="" elementXPath="/process/sequence[1]/assign[2]/copy[3]"/>
  </modelChange>
  <modelChange xsi:type="bplog:StructuralChange" changeReason="ElementRemoved" timestamp="2016-04-16T12:39:52.494+0200">
    <parentElement elementType="copy" elementName="" elementXPath="/process/sequence[1]/assign[2]/copy[3]"/>
    <oldElement elementType="to" elementName="" elementXPath="/process/sequence[1]/assign[2]/copy[3]/to[1]"/>
  </modelChange>
  <modelChange xsi:type="bplog:StructuralChange" changeReason="ElementRemoved" timestamp="2016-04-16T12:39:52.494+0200">
    <parentElement elementType="copy" elementName="" elementXPath="/process/sequence[1]/assign[2]/copy[3]"/>
    <oldElement elementType="from" elementName="" elementXPath="/process/sequence[1]/assign[2]/copy[3]/from[1]"/>
  </modelChange>
</bplog:Log>
